# JRE version: Java(TM) SE Runtime Environment (8.0_65-b17) (build 1.8.0_65-b17)
# Java VM: Java HotSpot(TM) 64-Bit Server VM (25.65-b01 mixed mode windows-amd64 compressed oops)
Heap:
 PSYoungGen      total 20992K, used 16866K [0x00000000e0000000, 0x00000000e1a00000, 0x0000000100000000)
  eden space 15360K, 86% used [0x00000000e0000000,0x00000000e0ce7990,0x00000000e0f00000)
  from space 5632K, 64% used [0x00000000e0f00000,0x00000000e1291138,0x00000000e1480000)
  to   space 5632K, 0% used [0x00000000e1480000,0x00000000e1480000,0x00000000e1a00000)
 ParOldGen       total 44032K, used 4841K [0x00000000a0000000, 0x00000000a2b00000, 0x00000000e0000000)
  object space 44032K, 10% used [0x00000000a0000000,0x00000000a04ba728,0x00000000a2b00000)
 Metaspace       used 15329K, capacity 15812K, committed 16128K, reserved 1062912K
  class space    used 2086K, capacity 2254K, committed 2304K, reserved 1048576K
GC Heap History (10 events):
Event: 6.500 GC heap before
{Heap before GC invocations=3 (full 0):
 PSYoungGen      total 18944K, used 18928K [0x00000000e0000000, 0x00000000e1500000, 0x0000000100000000)
  eden space 16384K, 100% used [0x00000000e0000000,0x00000000e1000000,0x00000000e1000000)
  from space 2560K, 99% used [0x00000000e1280000,0x00000000e14fc010,0x00000000e1500000)
  to   space 2560K, 0% used [0x00000000e1000000,0x00000000e1000000,0x00000000e1280000)
 ParOldGen       total 44032K, used 910K [0x00000000a0000000, 0x00000000a2b00000, 0x00000000e0000000)
  object space 44032K, 2% used [0x00000000a0000000,0x00000000a00e39c0,0x00000000a2b00000)
 Metaspace       used 6993K, capacity 7196K, committed 7424K, reserved 1056768K
  class space    used 884K, capacity 972K, committed 1024K, reserved 1048576K
Event: 6.503 GC heap after
Heap after GC invocations=3 (full 0):
 PSYoungGen      total 18944K, used 2160K [0x00000000e0000000, 0x00000000e1500000, 0x0000000100000000)
  eden space 16384K, 0% used [0x00000000e0000000,0x00000000e0000000,0x00000000e1000000)
  from space 2560K, 84% used [0x00000000e1000000,0x00000000e121c010,0x00000000e1280000)
  to   space 2560K, 0% used [0x00000000e1280000,0x00000000e1280000,0x00000000e1500000)
 ParOldGen       total 44032K, used 918K [0x00000000a0000000, 0x00000000a2b00000, 0x00000000e0000000)
  object space 44032K, 2% used [0x00000000a0000000,0x00000000a00e59c0,0x00000000a2b00000)
 Metaspace       used 6993K, capacity 7196K, committed 7424K, reserved 1056768K
  class space    used 884K, capacity 972K, committed 1024K, reserved 1048576K
}
Event: 7.016 GC heap before
{Heap before GC invocations=4 (full 0):
 PSYoungGen      total 18944K, used 18544K [0x00000000e0000000, 0x00000000e1500000, 0x0000000100000000)
  eden space 16384K, 100% used [0x00000000e0000000,0x00000000e1000000,0x00000000e1000000)
  from space 2560K, 84% used [0x00000000e1000000,0x00000000e121c010,0x00000000e1280000)
  to   space 2560K, 0% used [0x00000000e1280000,0x00000000e1280000,0x00000000e1500000)
 ParOldGen       total 44032K, used 918K [0x00000000a0000000, 0x00000000a2b00000, 0x00000000e0000000)
  object space 44032K, 2% used [0x00000000a0000000,0x00000000a00e59c0,0x00000000a2b00000)
 Metaspace       used 7207K, capacity 7444K, committed 7680K, reserved 1056768K
  class space    used 916K, capacity 1012K, committed 1024K, reserved 1048576K
Event: 7.020 GC heap after
Heap after GC invocations=4 (full 0):
 PSYoungGen      total 18944K, used 2544K [0x00000000e0000000, 0x00000000e1500000, 0x0000000100000000)
  eden space 16384K, 0% used [0x00000000e0000000,0x00000000e0000000,0x00000000e1000000)
  from space 2560K, 99% used [0x00000000e1280000,0x00000000e14fc010,0x00000000e1500000)
  to   space 2560K, 0% used [0x00000000e1000000,0x00000000e1000000,0x00000000e1280000)
 ParOldGen       total 44032K, used 1515K [0x00000000a0000000, 0x00000000a2b00000, 0x00000000e0000000)
  object space 44032K, 3% used [0x00000000a0000000,0x00000000a017ada0,0x00000000a2b00000)
 Metaspace       used 7207K, capacity 7444K, committed 7680K, reserved 1056768K
  class space    used 916K, capacity 1012K, committed 1024K, reserved 1048576K
}
Event: 8.374 GC heap before
{Heap before GC invocations=5 (full 0):
 PSYoungGen      total 18944K, used 18928K [0x00000000e0000000, 0x00000000e1500000, 0x0000000100000000)
  eden space 16384K, 100% used [0x00000000e0000000,0x00000000e1000000,0x00000000e1000000)
  from space 2560K, 99% used [0x00000000e1280000,0x00000000e14fc010,0x00000000e1500000)
  to   space 2560K, 0% used [0x00000000e1000000,0x00000000e1000000,0x00000000e1280000)
 ParOldGen       total 44032K, used 1515K [0x00000000a0000000, 0x00000000a2b00000, 0x00000000e0000000)
  object space 44032K, 3% used [0x00000000a0000000,0x00000000a017ada0,0x00000000a2b00000)
 Metaspace       used 8800K, capacity 8956K, committed 9216K, reserved 1056768K
  class space    used 1172K, capacity 1238K, committed 1280K, reserved 1048576K
Event: 8.378 GC heap after
Heap after GC invocations=5 (full 0):
 PSYoungGen      total 18944K, used 2544K [0x00000000e0000000, 0x00000000e1900000, 0x0000000100000000)
  eden space 16384K, 0% used [0x00000000e0000000,0x00000000e0000000,0x00000000e1000000)
  from space 2560K, 99% used [0x00000000e1000000,0x00000000e127c010,0x00000000e1280000)
  to   space 4608K, 0% used [0x00000000e1480000,0x00000000e1480000,0x00000000e1900000)
 ParOldGen       total 44032K, used 2971K [0x00000000a0000000, 0x00000000a2b00000, 0x00000000e0000000)
  object space 44032K, 6% used [0x00000000a0000000,0x00000000a02e6c78,0x00000000a2b00000)
 Metaspace       used 8800K, capacity 8956K, committed 9216K, reserved 1056768K
  class space    used 1172K, capacity 1238K, committed 1280K, reserved 1048576K
}
Event: 16.595 GC heap before
{Heap before GC invocations=6 (full 0):
 PSYoungGen      total 18944K, used 18928K [0x00000000e0000000, 0x00000000e1900000, 0x0000000100000000)
  eden space 16384K, 100% used [0x00000000e0000000,0x00000000e1000000,0x00000000e1000000)
  from space 2560K, 99% used [0x00000000e1000000,0x00000000e127c010,0x00000000e1280000)
  to   space 4608K, 0% used [0x00000000e1480000,0x00000000e1480000,0x00000000e1900000)
 ParOldGen       total 44032K, used 2971K [0x00000000a0000000, 0x00000000a2b00000, 0x00000000e0000000)
  object space 44032K, 6% used [0x00000000a0000000,0x00000000a02e6c78,0x00000000a2b00000)
 Metaspace       used 12300K, capacity 12634K, committed 12928K, reserved 1060864K
  class space    used 1702K, capacity 1819K, committed 1920K, reserved 1048576K
Event: 16.603 GC heap after
Heap after GC invocations=6 (full 0):
 PSYoungGen      total 19968K, used 4592K [0x00000000e0000000, 0x00000000e1b00000, 0x0000000100000000)
  eden space 15360K, 0% used [0x00000000e0000000,0x00000000e0000000,0x00000000e0f00000)
  from space 4608K, 99% used [0x00000000e1480000,0x00000000e18fc2c0,0x00000000e1900000)
  to   space 5632K, 0% used [0x00000000e0f00000,0x00000000e0f00000,0x00000000e1480000)
 ParOldGen       total 44032K, used 3379K [0x00000000a0000000, 0x00000000a2b00000, 0x00000000e0000000)
  object space 44032K, 7% used [0x00000000a0000000,0x00000000a034cfb8,0x00000000a2b00000)
 Metaspace       used 12300K, capacity 12634K, committed 12928K, reserved 1060864K
  class space    used 1702K, capacity 1819K, committed 1920K, reserved 1048576K
}
Event: 18.263 GC heap before
{Heap before GC invocations=7 (full 0):
 PSYoungGen      total 19968K, used 19952K [0x00000000e0000000, 0x00000000e1b00000, 0x0000000100000000)
  eden space 15360K, 100% used [0x00000000e0000000,0x00000000e0f00000,0x00000000e0f00000)
  from space 4608K, 99% used [0x00000000e1480000,0x00000000e18fc2c0,0x00000000e1900000)
  to   space 5632K, 0% used [0x00000000e0f00000,0x00000000e0f00000,0x00000000e1480000)
 ParOldGen       total 44032K, used 3379K [0x00000000a0000000, 0x00000000a2b00000, 0x00000000e0000000)
  object space 44032K, 7% used [0x00000000a0000000,0x00000000a034cfb8,0x00000000a2b00000)
 Metaspace       used 13431K, capacity 13808K, committed 14080K, reserved 1060864K
  class space    used 1892K, capacity 2016K, committed 2048K, reserved 1048576K
Event: 18.269 GC heap after
Heap after GC invocations=7 (full 0):
 PSYoungGen      total 20992K, used 3652K [0x00000000e0000000, 0x00000000e1a00000, 0x0000000100000000)
  eden space 15360K, 0% used [0x00000000e0000000,0x00000000e0000000,0x00000000e0f00000)
  from space 5632K, 64% used [0x00000000e0f00000,0x00000000e1291138,0x00000000e1480000)
  to   space 5632K, 0% used [0x00000000e1480000,0x00000000e1480000,0x00000000e1a00000)
 ParOldGen       total 44032K, used 4841K [0x00000000a0000000, 0x00000000a2b00000, 0x00000000e0000000)
  object space 44032K, 10% used [0x00000000a0000000,0x00000000a04ba728,0x00000000a2b00000)
 Metaspace       used 13431K, capacity 13808K, committed 14080K, reserved 1060864K
  class space    used 1892K, capacity 2016K, committed 2048K, reserved 1048576K
}

