# JRE version: Java(TM) SE Runtime Environment (8.0_65-b17) (build 1.8.0_65-b17)
# Java VM: Java HotSpot(TM) 64-Bit Server VM (25.65-b01 mixed mode windows-amd64 compressed oops)
Heap:
 PSYoungGen      total 36352K, used 26216K [0x00000000e0000000, 0x00000000e3080000, 0x0000000100000000)
  eden space 29184K, 86% used [0x00000000e0000000,0x00000000e189da28,0x00000000e1c80000)
  from space 7168K, 14% used [0x00000000e2300000,0x00000000e23fc970,0x00000000e2a00000)
  to   space 6656K, 0% used [0x00000000e1c80000,0x00000000e1c80000,0x00000000e2300000)
 ParOldGen       total 36864K, used 15939K [0x00000000a0000000, 0x00000000a2400000, 0x00000000e0000000)
  object space 36864K, 43% used [0x00000000a0000000,0x00000000a0f90d90,0x00000000a2400000)
 Metaspace       used 34840K, capacity 35888K, committed 36096K, reserved 1081344K
  class space    used 4738K, capacity 4995K, committed 5120K, reserved 1048576K
GC Heap History (10 events):
Event: 93.194 GC heap before
{Heap before GC invocations=26 (full 2):
 PSYoungGen      total 25600K, used 18688K [0x00000000e0000000, 0x00000000e2500000, 0x0000000100000000)
  eden space 17920K, 100% used [0x00000000e0000000,0x00000000e1180000,0x00000000e1180000)
  from space 7680K, 10% used [0x00000000e1180000,0x00000000e1240000,0x00000000e1900000)
  to   space 7680K, 0% used [0x00000000e1d80000,0x00000000e1d80000,0x00000000e2500000)
 ParOldGen       total 36864K, used 12587K [0x00000000a0000000, 0x00000000a2400000, 0x00000000e0000000)
  object space 36864K, 34% used [0x00000000a0000000,0x00000000a0c4ad70,0x00000000a2400000)
 Metaspace       used 34602K, capacity 35576K, committed 35712K, reserved 1079296K
  class space    used 4708K, capacity 4955K, committed 4992K, reserved 1048576K
Event: 93.197 GC heap after
Heap after GC invocations=26 (full 2):
 PSYoungGen      total 30208K, used 1184K [0x00000000e0000000, 0x00000000e2600000, 0x0000000100000000)
  eden space 22528K, 0% used [0x00000000e0000000,0x00000000e0000000,0x00000000e1600000)
  from space 7680K, 15% used [0x00000000e1d80000,0x00000000e1ea8000,0x00000000e2500000)
  to   space 7680K, 0% used [0x00000000e1600000,0x00000000e1600000,0x00000000e1d80000)
 ParOldGen       total 36864K, used 12587K [0x00000000a0000000, 0x00000000a2400000, 0x00000000e0000000)
  object space 36864K, 34% used [0x00000000a0000000,0x00000000a0c4ad70,0x00000000a2400000)
 Metaspace       used 34602K, capacity 35576K, committed 35712K, reserved 1079296K
  class space    used 4708K, capacity 4955K, committed 4992K, reserved 1048576K
}
Event: 93.281 GC heap before
{Heap before GC invocations=27 (full 2):
 PSYoungGen      total 30208K, used 23712K [0x00000000e0000000, 0x00000000e2600000, 0x0000000100000000)
  eden space 22528K, 100% used [0x00000000e0000000,0x00000000e1600000,0x00000000e1600000)
  from space 7680K, 15% used [0x00000000e1d80000,0x00000000e1ea8000,0x00000000e2500000)
  to   space 7680K, 0% used [0x00000000e1600000,0x00000000e1600000,0x00000000e1d80000)
 ParOldGen       total 36864K, used 12587K [0x00000000a0000000, 0x00000000a2400000, 0x00000000e0000000)
  object space 36864K, 34% used [0x00000000a0000000,0x00000000a0c4ad70,0x00000000a2400000)
 Metaspace       used 34602K, capacity 35576K, committed 35712K, reserved 1079296K
  class space    used 4708K, capacity 4955K, committed 4992K, reserved 1048576K
Event: 93.284 GC heap after
Heap after GC invocations=27 (full 2):
 PSYoungGen      total 30208K, used 800K [0x00000000e0000000, 0x00000000e2a00000, 0x0000000100000000)
  eden space 22528K, 0% used [0x00000000e0000000,0x00000000e0000000,0x00000000e1600000)
  from space 7680K, 10% used [0x00000000e1600000,0x00000000e16c8000,0x00000000e1d80000)
  to   space 7168K, 0% used [0x00000000e2300000,0x00000000e2300000,0x00000000e2a00000)
 ParOldGen       total 36864K, used 13739K [0x00000000a0000000, 0x00000000a2400000, 0x00000000e0000000)
  object space 36864K, 37% used [0x00000000a0000000,0x00000000a0d6ad90,0x00000000a2400000)
 Metaspace       used 34602K, capacity 35576K, committed 35712K, reserved 1079296K
  class space    used 4708K, capacity 4955K, committed 4992K, reserved 1048576K
}
Event: 93.360 GC heap before
{Heap before GC invocations=28 (full 2):
 PSYoungGen      total 30208K, used 23328K [0x00000000e0000000, 0x00000000e2a00000, 0x0000000100000000)
  eden space 22528K, 100% used [0x00000000e0000000,0x00000000e1600000,0x00000000e1600000)
  from space 7680K, 10% used [0x00000000e1600000,0x00000000e16c8000,0x00000000e1d80000)
  to   space 7168K, 0% used [0x00000000e2300000,0x00000000e2300000,0x00000000e2a00000)
 ParOldGen       total 36864K, used 13739K [0x00000000a0000000, 0x00000000a2400000, 0x00000000e0000000)
  object space 36864K, 37% used [0x00000000a0000000,0x00000000a0d6ad90,0x00000000a2400000)
 Metaspace       used 34602K, capacity 35576K, committed 35712K, reserved 1079296K
  class space    used 4708K, capacity 4955K, committed 4992K, reserved 1048576K
Event: 93.363 GC heap after
Heap after GC invocations=28 (full 2):
 PSYoungGen      total 35840K, used 772K [0x00000000e0000000, 0x00000000e2a00000, 0x0000000100000000)
  eden space 28672K, 0% used [0x00000000e0000000,0x00000000e0000000,0x00000000e1c00000)
  from space 7168K, 10% used [0x00000000e2300000,0x00000000e23c1278,0x00000000e2a00000)
  to   space 7168K, 0% used [0x00000000e1c00000,0x00000000e1c00000,0x00000000e2300000)
 ParOldGen       total 36864K, used 14435K [0x00000000a0000000, 0x00000000a2400000, 0x00000000e0000000)
  object space 36864K, 39% used [0x00000000a0000000,0x00000000a0e18d90,0x00000000a2400000)
 Metaspace       used 34602K, capacity 35576K, committed 35712K, reserved 1079296K
  class space    used 4708K, capacity 4955K, committed 4992K, reserved 1048576K
}
Event: 93.441 GC heap before
{Heap before GC invocations=29 (full 2):
 PSYoungGen      total 35840K, used 29444K [0x00000000e0000000, 0x00000000e2a00000, 0x0000000100000000)
  eden space 28672K, 100% used [0x00000000e0000000,0x00000000e1c00000,0x00000000e1c00000)
  from space 7168K, 10% used [0x00000000e2300000,0x00000000e23c1278,0x00000000e2a00000)
  to   space 7168K, 0% used [0x00000000e1c00000,0x00000000e1c00000,0x00000000e2300000)
 ParOldGen       total 36864K, used 14435K [0x00000000a0000000, 0x00000000a2400000, 0x00000000e0000000)
  object space 36864K, 39% used [0x00000000a0000000,0x00000000a0e18d90,0x00000000a2400000)
 Metaspace       used 34602K, capacity 35576K, committed 35712K, reserved 1079296K
  class space    used 4708K, capacity 4955K, committed 4992K, reserved 1048576K
Event: 93.443 GC heap after
Heap after GC invocations=29 (full 2):
 PSYoungGen      total 35840K, used 950K [0x00000000e0000000, 0x00000000e2a00000, 0x0000000100000000)
  eden space 28672K, 0% used [0x00000000e0000000,0x00000000e0000000,0x00000000e1c00000)
  from space 7168K, 13% used [0x00000000e1c00000,0x00000000e1cedba8,0x00000000e2300000)
  to   space 7168K, 0% used [0x00000000e2300000,0x00000000e2300000,0x00000000e2a00000)
 ParOldGen       total 36864K, used 15107K [0x00000000a0000000, 0x00000000a2400000, 0x00000000e0000000)
  object space 36864K, 40% used [0x00000000a0000000,0x00000000a0ec0d90,0x00000000a2400000)
 Metaspace       used 34602K, capacity 35576K, committed 35712K, reserved 1079296K
  class space    used 4708K, capacity 4955K, committed 4992K, reserved 1048576K
}
Event: 93.534 GC heap before
{Heap before GC invocations=30 (full 2):
 PSYoungGen      total 35840K, used 29622K [0x00000000e0000000, 0x00000000e2a00000, 0x0000000100000000)
  eden space 28672K, 100% used [0x00000000e0000000,0x00000000e1c00000,0x00000000e1c00000)
  from space 7168K, 13% used [0x00000000e1c00000,0x00000000e1cedba8,0x00000000e2300000)
  to   space 7168K, 0% used [0x00000000e2300000,0x00000000e2300000,0x00000000e2a00000)
 ParOldGen       total 36864K, used 15107K [0x00000000a0000000, 0x00000000a2400000, 0x00000000e0000000)
  object space 36864K, 40% used [0x00000000a0000000,0x00000000a0ec0d90,0x00000000a2400000)
 Metaspace       used 34602K, capacity 35576K, committed 35712K, reserved 1079296K
  class space    used 4708K, capacity 4955K, committed 4992K, reserved 1048576K
Event: 93.537 GC heap after
Heap after GC invocations=30 (full 2):
 PSYoungGen      total 36352K, used 1010K [0x00000000e0000000, 0x00000000e3080000, 0x0000000100000000)
  eden space 29184K, 0% used [0x00000000e0000000,0x00000000e0000000,0x00000000e1c80000)
  from space 7168K, 14% used [0x00000000e2300000,0x00000000e23fc970,0x00000000e2a00000)
  to   space 6656K, 0% used [0x00000000e1c80000,0x00000000e1c80000,0x00000000e2300000)
 ParOldGen       total 36864K, used 15939K [0x00000000a0000000, 0x00000000a2400000, 0x00000000e0000000)
  object space 36864K, 43% used [0x00000000a0000000,0x00000000a0f90d90,0x00000000a2400000)
 Metaspace       used 34602K, capacity 35576K, committed 35712K, reserved 1079296K
  class space    used 4708K, capacity 4955K, committed 4992K, reserved 1048576K
}

